  [1m[35m (370.8ms)[0m  [1m[35mCREATE DATABASE "tweeter_app_api_development" ENCODING = 'unicode'[0m
  [1m[35m (197.3ms)[0m  [1m[35mCREATE DATABASE "tweeter_app_api_test" ENCODING = 'unicode'[0m
  [1m[35m (38.0ms)[0m  [1m[35mCREATE TABLE "schema_migrations" ("version" character varying NOT NULL PRIMARY KEY)[0m
  [1m[35m (9.5ms)[0m  [1m[35mCREATE TABLE "ar_internal_metadata" ("key" character varying NOT NULL PRIMARY KEY, "value" character varying, "created_at" timestamp(6) NOT NULL, "updated_at" timestamp(6) NOT NULL)[0m
  [1m[35m (1.5ms)[0m  [1m[34mSELECT pg_try_advisory_lock(1344325399035759420)[0m
  [1m[35m (0.8ms)[0m  [1m[34mSELECT "schema_migrations"."version" FROM "schema_migrations" ORDER BY "schema_migrations"."version" ASC[0m
Migrating to CreateTweets (20200425184826)
  [1m[35m (0.8ms)[0m  [1m[35mBEGIN[0m
  [1m[35m (15.6ms)[0m  [1m[35mCREATE TABLE "tweets" ("id" bigserial primary key, "title" character varying, "content" text, "author" character varying)[0m
  [1m[36mprimary::SchemaMigration Create (2.3ms)[0m  [1m[32mINSERT INTO "schema_migrations" ("version") VALUES ($1) RETURNING "version"[0m  [["version", "20200425184826"]]
  [1m[35m (2.1ms)[0m  [1m[35mCOMMIT[0m
  [1m[36mActiveRecord::InternalMetadata Load (1.9ms)[0m  [1m[34mSELECT "ar_internal_metadata".* FROM "ar_internal_metadata" WHERE "ar_internal_metadata"."key" = $1 LIMIT $2[0m  [["key", "environment"], ["LIMIT", 1]]
  [1m[35m (0.2ms)[0m  [1m[35mBEGIN[0m
  [1m[36mActiveRecord::InternalMetadata Create (1.9ms)[0m  [1m[32mINSERT INTO "ar_internal_metadata" ("key", "value", "created_at", "updated_at") VALUES ($1, $2, $3, $4) RETURNING "key"[0m  [["key", "environment"], ["value", "development"], ["created_at", "2020-04-25 18:51:15.516052"], ["updated_at", "2020-04-25 18:51:15.516052"]]
  [1m[35m (1.2ms)[0m  [1m[35mCOMMIT[0m
  [1m[35m (0.3ms)[0m  [1m[34mSELECT pg_advisory_unlock(1344325399035759420)[0m
  [1m[35m (2.9ms)[0m  [1m[34mSELECT "schema_migrations"."version" FROM "schema_migrations" ORDER BY "schema_migrations"."version" ASC[0m
  [1m[35m (1.1ms)[0m  [1m[34mSELECT "schema_migrations"."version" FROM "schema_migrations" ORDER BY "schema_migrations"."version" ASC[0m
  [1m[35m (0.2ms)[0m  [1m[35mBEGIN[0m
  [1m[36mTweet Create (1.2ms)[0m  [1m[32mINSERT INTO "tweets" ("title", "content", "author") VALUES ($1, $2, $3) RETURNING "id"[0m  [["title", "Just found this"], ["content", "the square of the hypotenuse is equal to the sum of the squares of the other two sides"], ["author", "Pythagoras570"]]
  [1m[35m (1.6ms)[0m  [1m[35mCOMMIT[0m
  [1m[35m (0.2ms)[0m  [1m[35mBEGIN[0m
  [1m[36mTweet Create (0.3ms)[0m  [1m[32mINSERT INTO "tweets" ("title", "content", "author") VALUES ($1, $2, $3) RETURNING "id"[0m  [["title", "I'm walkin' here"], ["content", "Hey, I'm walkin' here!"], ["author", "Nicky62"]]
  [1m[35m (1.3ms)[0m  [1m[35mCOMMIT[0m
  [1m[36mTweet Load (1.8ms)[0m  [1m[34mSELECT "tweets".* FROM "tweets" LIMIT $1[0m  [["LIMIT", 11]]
Started GET "/" for ::1 at 2020-04-25 12:40:42 -0700
  [1m[35m (1.5ms)[0m  [1m[34mSELECT "schema_migrations"."version" FROM "schema_migrations" ORDER BY "schema_migrations"."version" ASC[0m
Processing by Rails::WelcomeController#index as HTML
  Rendering /Users/loganne/.rbenv/versions/2.5.5/lib/ruby/gems/2.5.0/gems/railties-6.0.2.2/lib/rails/templates/rails/welcome/index.html.erb
  Rendered /Users/loganne/.rbenv/versions/2.5.5/lib/ruby/gems/2.5.0/gems/railties-6.0.2.2/lib/rails/templates/rails/welcome/index.html.erb (Duration: 18.4ms | Allocations: 484)
Completed 200 OK in 45ms (Views: 33.3ms | ActiveRecord: 0.0ms | Allocations: 2643)


Started GET "/tweets" for ::1 at 2020-04-25 19:18:37 -0700
  [1m[35m (1.6ms)[0m  [1m[34mSELECT "schema_migrations"."version" FROM "schema_migrations" ORDER BY "schema_migrations"."version" ASC[0m
Processing by TweetsController#index as HTML
  [1m[36mTweet Load (1.9ms)[0m  [1m[34mSELECT "tweets".* FROM "tweets"[0m
  ↳ app/controllers/tweets_controller.rb:3:in `index'
Completed 200 OK in 35ms (Views: 14.4ms | ActiveRecord: 16.8ms | Allocations: 4592)


Started POST "/tweets" for ::1 at 2020-04-25 19:18:44 -0700
Processing by TweetsController#create as */*
  Parameters: {"tweet"=>{"title"=>"Crentist", "author"=>"Dwight", "content"=>"My dentist's name is Crentist, maybe that's why he became a dentist"}}
Completed 500 Internal Server Error in 247ms (ActiveRecord: 0.0ms | Allocations: 70745)


  
NameError (undefined local variable or method `tweet_params' for #<TweetsController:0x00007fa1b295a4b0>
Did you mean?  tweet_path):
  
app/controllers/tweets_controller.rb:12:in `create'
Started POST "/tweets" for ::1 at 2020-04-25 19:19:38 -0700
Processing by TweetsController#create as */*
  Parameters: {"tweet"=>{"title"=>"Crentist", "author"=>"Dwight", "content"=>"My dentist's name is Crentist, maybe that's why he became a dentist"}}
[31mUnpermitted parameter: :author[0m
  [1m[35m (0.2ms)[0m  [1m[35mBEGIN[0m
  ↳ app/controllers/tweets_controller.rb:14:in `create'
  [1m[36mTweet Create (1.1ms)[0m  [1m[32mINSERT INTO "tweets" ("title", "content") VALUES ($1, $2) RETURNING "id"[0m  [["title", "Crentist"], ["content", "My dentist's name is Crentist, maybe that's why he became a dentist"]]
  ↳ app/controllers/tweets_controller.rb:14:in `create'
  [1m[35m (1.3ms)[0m  [1m[35mCOMMIT[0m
  ↳ app/controllers/tweets_controller.rb:14:in `create'
Completed 200 OK in 30ms (Views: 0.3ms | ActiveRecord: 15.2ms | Allocations: 5627)


Started GET "/tweets" for ::1 at 2020-04-25 19:30:30 -0700
Processing by TweetsController#index as HTML
  [1m[36mTweet Load (1.0ms)[0m  [1m[34mSELECT "tweets".* FROM "tweets"[0m
  ↳ app/controllers/tweets_controller.rb:3:in `index'
Completed 200 OK in 12ms (Views: 7.9ms | ActiveRecord: 1.0ms | Allocations: 4207)


